Analysis & Synthesis report for DE1_SoC
Thu May 09 00:00:10 2019
Quartus Prime Version 18.1.0 Build 625 09/12/2018 SJ Lite Edition


---------------------
; Table of Contents ;
---------------------
  1. Legal Notice
  2. Analysis & Synthesis Summary
  3. Analysis & Synthesis Settings
  4. Parallel Compilation
  5. Analysis & Synthesis Source Files Read
  6. Analysis & Synthesis Resource Usage Summary
  7. Analysis & Synthesis Resource Utilization by Entity
  8. State Machine - |DE1_SoC|Play:P1|Winner:G1|ps
  9. Registers Removed During Synthesis
 10. General Register Statistics
 11. Parameter Settings for User Entity Instance: D_FF:flopL
 12. Parameter Settings for User Entity Instance: D_FF:flopR
 13. Parameter Settings for User Entity Instance: Play:P1
 14. Parameter Settings for User Entity Instance: Play:P1|Lights:light8
 15. Parameter Settings for User Entity Instance: Play:P1|Lights:light7
 16. Parameter Settings for User Entity Instance: Play:P1|Lights:light6
 17. Parameter Settings for User Entity Instance: Play:P1|Lights:light5
 18. Parameter Settings for User Entity Instance: Play:P1|Lights:center
 19. Parameter Settings for User Entity Instance: Play:P1|Lights:light3
 20. Parameter Settings for User Entity Instance: Play:P1|Lights:light2
 21. Parameter Settings for User Entity Instance: Play:P1|Lights:light1
 22. Parameter Settings for User Entity Instance: Play:P1|Lights:light0
 23. Parameter Settings for User Entity Instance: Play:P1|Winner:G1
 24. Port Connectivity Checks: "Play:P1|Lights:light0"
 25. Port Connectivity Checks: "Play:P1|Lights:light1"
 26. Port Connectivity Checks: "Play:P1|Lights:light2"
 27. Port Connectivity Checks: "Play:P1|Lights:light3"
 28. Port Connectivity Checks: "Play:P1|Lights:center"
 29. Port Connectivity Checks: "Play:P1|Lights:light5"
 30. Port Connectivity Checks: "Play:P1|Lights:light6"
 31. Port Connectivity Checks: "Play:P1|Lights:light7"
 32. Port Connectivity Checks: "Play:P1|Lights:light8"
 33. Post-Synthesis Netlist Statistics for Top Partition
 34. Elapsed Time Per Partition
 35. Analysis & Synthesis Messages
 36. Analysis & Synthesis Suppressed Messages



----------------
; Legal Notice ;
----------------
Copyright (C) 2018  Intel Corporation. All rights reserved.
Your use of Intel Corporation's design tools, logic functions 
and other software and tools, and its AMPP partner logic 
functions, and any output files from any of the foregoing 
(including device programming or simulation files), and any 
associated documentation or information are expressly subject 
to the terms and conditions of the Intel Program License 
Subscription Agreement, the Intel Quartus Prime License Agreement,
the Intel FPGA IP License Agreement, or other applicable license
agreement, including, without limitation, that your use is for
the sole purpose of programming logic devices manufactured by
Intel and sold by Intel or its authorized distributors.  Please
refer to the applicable agreement for further details.



+-------------------------------------------------------------------------------+
; Analysis & Synthesis Summary                                                  ;
+---------------------------------+---------------------------------------------+
; Analysis & Synthesis Status     ; Successful - Thu May 09 00:00:10 2019       ;
; Quartus Prime Version           ; 18.1.0 Build 625 09/12/2018 SJ Lite Edition ;
; Revision Name                   ; DE1_SoC                                     ;
; Top-level Entity Name           ; DE1_SoC                                     ;
; Family                          ; Cyclone V                                   ;
; Logic utilization (in ALMs)     ; N/A                                         ;
; Total registers                 ; 18                                          ;
; Total pins                      ; 67                                          ;
; Total virtual pins              ; 0                                           ;
; Total block memory bits         ; 0                                           ;
; Total DSP Blocks                ; 0                                           ;
; Total HSSI RX PCSs              ; 0                                           ;
; Total HSSI PMA RX Deserializers ; 0                                           ;
; Total HSSI TX PCSs              ; 0                                           ;
; Total HSSI PMA TX Serializers   ; 0                                           ;
; Total PLLs                      ; 0                                           ;
; Total DLLs                      ; 0                                           ;
+---------------------------------+---------------------------------------------+


+---------------------------------------------------------------------------------------------------------------------------+
; Analysis & Synthesis Settings                                                                                             ;
+---------------------------------------------------------------------------------+--------------------+--------------------+
; Option                                                                          ; Setting            ; Default Value      ;
+---------------------------------------------------------------------------------+--------------------+--------------------+
; Device                                                                          ; 5CSEMA5F31C6       ;                    ;
; Top-level entity name                                                           ; DE1_SoC            ; DE1_SoC            ;
; Family name                                                                     ; Cyclone V          ; Cyclone V          ;
; Maximum processors allowed for parallel compilation                             ; 2                  ;                    ;
; State Machine Processing                                                        ; User-Encoded       ; Auto               ;
; Use smart compilation                                                           ; Off                ; Off                ;
; Enable parallel Assembler and Timing Analyzer during compilation                ; On                 ; On                 ;
; Enable compact report table                                                     ; Off                ; Off                ;
; Restructure Multiplexers                                                        ; Auto               ; Auto               ;
; MLAB Add Timing Constraints For Mixed-Port Feed-Through Mode Setting Don't Care ; Off                ; Off                ;
; Create Debugging Nodes for IP Cores                                             ; Off                ; Off                ;
; Preserve fewer node names                                                       ; On                 ; On                 ;
; Intel FPGA IP Evaluation Mode                                                   ; Enable             ; Enable             ;
; Verilog Version                                                                 ; Verilog_2001       ; Verilog_2001       ;
; VHDL Version                                                                    ; VHDL_1993          ; VHDL_1993          ;
; Safe State Machine                                                              ; Off                ; Off                ;
; Extract Verilog State Machines                                                  ; On                 ; On                 ;
; Extract VHDL State Machines                                                     ; On                 ; On                 ;
; Ignore Verilog initial constructs                                               ; Off                ; Off                ;
; Iteration limit for constant Verilog loops                                      ; 5000               ; 5000               ;
; Iteration limit for non-constant Verilog loops                                  ; 250                ; 250                ;
; Add Pass-Through Logic to Inferred RAMs                                         ; On                 ; On                 ;
; Infer RAMs from Raw Logic                                                       ; On                 ; On                 ;
; Parallel Synthesis                                                              ; On                 ; On                 ;
; DSP Block Balancing                                                             ; Auto               ; Auto               ;
; NOT Gate Push-Back                                                              ; On                 ; On                 ;
; Power-Up Don't Care                                                             ; On                 ; On                 ;
; Remove Redundant Logic Cells                                                    ; Off                ; Off                ;
; Remove Duplicate Registers                                                      ; On                 ; On                 ;
; Ignore CARRY Buffers                                                            ; Off                ; Off                ;
; Ignore CASCADE Buffers                                                          ; Off                ; Off                ;
; Ignore GLOBAL Buffers                                                           ; Off                ; Off                ;
; Ignore ROW GLOBAL Buffers                                                       ; Off                ; Off                ;
; Ignore LCELL Buffers                                                            ; Off                ; Off                ;
; Ignore SOFT Buffers                                                             ; On                 ; On                 ;
; Limit AHDL Integers to 32 Bits                                                  ; Off                ; Off                ;
; Optimization Technique                                                          ; Balanced           ; Balanced           ;
; Carry Chain Length                                                              ; 70                 ; 70                 ;
; Auto Carry Chains                                                               ; On                 ; On                 ;
; Auto Open-Drain Pins                                                            ; On                 ; On                 ;
; Perform WYSIWYG Primitive Resynthesis                                           ; Off                ; Off                ;
; Auto ROM Replacement                                                            ; On                 ; On                 ;
; Auto RAM Replacement                                                            ; On                 ; On                 ;
; Auto DSP Block Replacement                                                      ; On                 ; On                 ;
; Auto Shift Register Replacement                                                 ; Auto               ; Auto               ;
; Allow Shift Register Merging across Hierarchies                                 ; Auto               ; Auto               ;
; Auto Clock Enable Replacement                                                   ; On                 ; On                 ;
; Strict RAM Replacement                                                          ; Off                ; Off                ;
; Allow Synchronous Control Signals                                               ; On                 ; On                 ;
; Force Use of Synchronous Clear Signals                                          ; Off                ; Off                ;
; Auto Resource Sharing                                                           ; Off                ; Off                ;
; Allow Any RAM Size For Recognition                                              ; Off                ; Off                ;
; Allow Any ROM Size For Recognition                                              ; Off                ; Off                ;
; Allow Any Shift Register Size For Recognition                                   ; Off                ; Off                ;
; Use LogicLock Constraints during Resource Balancing                             ; On                 ; On                 ;
; Ignore translate_off and synthesis_off directives                               ; Off                ; Off                ;
; Timing-Driven Synthesis                                                         ; On                 ; On                 ;
; Report Parameter Settings                                                       ; On                 ; On                 ;
; Report Source Assignments                                                       ; On                 ; On                 ;
; Report Connectivity Checks                                                      ; On                 ; On                 ;
; Ignore Maximum Fan-Out Assignments                                              ; Off                ; Off                ;
; Synchronization Register Chain Length                                           ; 3                  ; 3                  ;
; Power Optimization During Synthesis                                             ; Normal compilation ; Normal compilation ;
; HDL message level                                                               ; Level2             ; Level2             ;
; Suppress Register Optimization Related Messages                                 ; Off                ; Off                ;
; Number of Removed Registers Reported in Synthesis Report                        ; 5000               ; 5000               ;
; Number of Swept Nodes Reported in Synthesis Report                              ; 5000               ; 5000               ;
; Number of Inverted Registers Reported in Synthesis Report                       ; 100                ; 100                ;
; Clock MUX Protection                                                            ; On                 ; On                 ;
; Auto Gated Clock Conversion                                                     ; Off                ; Off                ;
; Block Design Naming                                                             ; Auto               ; Auto               ;
; SDC constraint protection                                                       ; Off                ; Off                ;
; Synthesis Effort                                                                ; Auto               ; Auto               ;
; Shift Register Replacement - Allow Asynchronous Clear Signal                    ; On                 ; On                 ;
; Pre-Mapping Resynthesis Optimization                                            ; Off                ; Off                ;
; Analysis & Synthesis Message Level                                              ; Medium             ; Medium             ;
; Disable Register Merging Across Hierarchies                                     ; Auto               ; Auto               ;
; Resource Aware Inference For Block RAM                                          ; On                 ; On                 ;
; Automatic Parallel Synthesis                                                    ; On                 ; On                 ;
; Partial Reconfiguration Bitstream ID                                            ; Off                ; Off                ;
+---------------------------------------------------------------------------------+--------------------+--------------------+


+------------------------------------------+
; Parallel Compilation                     ;
+----------------------------+-------------+
; Processors                 ; Number      ;
+----------------------------+-------------+
; Number detected on machine ; 8           ;
; Maximum allowed            ; 2           ;
;                            ;             ;
; Average used               ; 1.00        ;
; Maximum used               ; 2           ;
;                            ;             ;
; Usage by Processor         ; % Time Used ;
;     Processor 1            ; 100.0%      ;
;     Processor 2            ;   0.0%      ;
+----------------------------+-------------+


+------------------------------------------------------------------------------------------------------------------------------------------------------------------+
; Analysis & Synthesis Source Files Read                                                                                                                           ;
+----------------------------------+-----------------+------------------------------+--------------------------------------------------------------------+---------+
; File Name with User-Entered Path ; Used in Netlist ; File Type                    ; File Name with Absolute Path                                       ; Library ;
+----------------------------------+-----------------+------------------------------+--------------------------------------------------------------------+---------+
; Lights.sv                        ; yes             ; User SystemVerilog HDL File  ; C:/Users/xinyu/OneDrive/Documents/EE 271/Lab/lab 4/lab4/Lights.sv  ;         ;
; Winner.sv                        ; yes             ; User SystemVerilog HDL File  ; C:/Users/xinyu/OneDrive/Documents/EE 271/Lab/lab 4/lab4/Winner.sv  ;         ;
; Play.sv                          ; yes             ; User SystemVerilog HDL File  ; C:/Users/xinyu/OneDrive/Documents/EE 271/Lab/lab 4/lab4/Play.sv    ;         ;
; D_FF.sv                          ; yes             ; User SystemVerilog HDL File  ; C:/Users/xinyu/OneDrive/Documents/EE 271/Lab/lab 4/lab4/D_FF.sv    ;         ;
; DE1_SoC.sv                       ; yes             ; User SystemVerilog HDL File  ; C:/Users/xinyu/OneDrive/Documents/EE 271/Lab/lab 4/lab4/DE1_SoC.sv ;         ;
+----------------------------------+-----------------+------------------------------+--------------------------------------------------------------------+---------+


+--------------------------------------------------------------+
; Analysis & Synthesis Resource Usage Summary                  ;
+---------------------------------------------+----------------+
; Resource                                    ; Usage          ;
+---------------------------------------------+----------------+
; Estimate of Logic utilization (ALMs needed) ; 10             ;
;                                             ;                ;
; Combinational ALUT usage for logic          ; 18             ;
;     -- 7 input functions                    ; 0              ;
;     -- 6 input functions                    ; 1              ;
;     -- 5 input functions                    ; 9              ;
;     -- 4 input functions                    ; 2              ;
;     -- <=3 input functions                  ; 6              ;
;                                             ;                ;
; Dedicated logic registers                   ; 18             ;
;                                             ;                ;
; I/O pins                                    ; 67             ;
;                                             ;                ;
; Total DSP Blocks                            ; 0              ;
;                                             ;                ;
; Maximum fan-out node                        ; CLOCK_50~input ;
; Maximum fan-out                             ; 18             ;
; Total fan-out                               ; 204            ;
; Average fan-out                             ; 1.20           ;
+---------------------------------------------+----------------+


+---------------------------------------------------------------------------------------------------------------------------------------------------------------------------------------------------+
; Analysis & Synthesis Resource Utilization by Entity                                                                                                                                               ;
+----------------------------+---------------------+---------------------------+-------------------+------------+------+--------------+--------------------------------+-------------+--------------+
; Compilation Hierarchy Node ; Combinational ALUTs ; Dedicated Logic Registers ; Block Memory Bits ; DSP Blocks ; Pins ; Virtual Pins ; Full Hierarchy Name            ; Entity Name ; Library Name ;
+----------------------------+---------------------+---------------------------+-------------------+------------+------+--------------+--------------------------------+-------------+--------------+
; |DE1_SoC                   ; 18 (0)              ; 18 (0)                    ; 0                 ; 0          ; 67   ; 0            ; |DE1_SoC                       ; DE1_SoC     ; work         ;
;    |D_FF:flopL|            ; 3 (3)               ; 3 (3)                     ; 0                 ; 0          ; 0    ; 0            ; |DE1_SoC|D_FF:flopL            ; D_FF        ; work         ;
;    |D_FF:flopR|            ; 3 (3)               ; 3 (3)                     ; 0                 ; 0          ; 0    ; 0            ; |DE1_SoC|D_FF:flopR            ; D_FF        ; work         ;
;    |Play:P1|               ; 12 (0)              ; 12 (0)                    ; 0                 ; 0          ; 0    ; 0            ; |DE1_SoC|Play:P1               ; Play        ; work         ;
;       |Lights:center|      ; 1 (1)               ; 1 (1)                     ; 0                 ; 0          ; 0    ; 0            ; |DE1_SoC|Play:P1|Lights:center ; Lights      ; work         ;
;       |Lights:light0|      ; 1 (1)               ; 1 (1)                     ; 0                 ; 0          ; 0    ; 0            ; |DE1_SoC|Play:P1|Lights:light0 ; Lights      ; work         ;
;       |Lights:light1|      ; 1 (1)               ; 1 (1)                     ; 0                 ; 0          ; 0    ; 0            ; |DE1_SoC|Play:P1|Lights:light1 ; Lights      ; work         ;
;       |Lights:light2|      ; 1 (1)               ; 1 (1)                     ; 0                 ; 0          ; 0    ; 0            ; |DE1_SoC|Play:P1|Lights:light2 ; Lights      ; work         ;
;       |Lights:light3|      ; 1 (1)               ; 1 (1)                     ; 0                 ; 0          ; 0    ; 0            ; |DE1_SoC|Play:P1|Lights:light3 ; Lights      ; work         ;
;       |Lights:light5|      ; 1 (1)               ; 1 (1)                     ; 0                 ; 0          ; 0    ; 0            ; |DE1_SoC|Play:P1|Lights:light5 ; Lights      ; work         ;
;       |Lights:light6|      ; 1 (1)               ; 1 (1)                     ; 0                 ; 0          ; 0    ; 0            ; |DE1_SoC|Play:P1|Lights:light6 ; Lights      ; work         ;
;       |Lights:light7|      ; 1 (1)               ; 1 (1)                     ; 0                 ; 0          ; 0    ; 0            ; |DE1_SoC|Play:P1|Lights:light7 ; Lights      ; work         ;
;       |Lights:light8|      ; 1 (1)               ; 1 (1)                     ; 0                 ; 0          ; 0    ; 0            ; |DE1_SoC|Play:P1|Lights:light8 ; Lights      ; work         ;
;       |Winner:G1|          ; 3 (3)               ; 3 (3)                     ; 0                 ; 0          ; 0    ; 0            ; |DE1_SoC|Play:P1|Winner:G1     ; Winner      ; work         ;
+----------------------------+---------------------+---------------------------+-------------------+------------+------+--------------+--------------------------------+-------------+--------------+
Note: For table entries with two numbers listed, the numbers in parentheses indicate the number of resources of the given type used by the specific entity alone. The numbers listed outside of parentheses indicate the total resources of the given type used by the specific entity and all of its sub-entities in the hierarchy.


Encoding Type:  User-Encoded
+-----------------------------------------------+
; State Machine - |DE1_SoC|Play:P1|Winner:G1|ps ;
+--------+------+------+------------------------+
; Name   ; ps~4 ; ps~3 ; ps~2                   ;
+--------+------+------+------------------------+
; ps.off ; 0    ; 0    ; 0                      ;
; ps.one ; 1    ; 1    ; 0                      ;
; ps.two ; 0    ; 1    ; 1                      ;
+--------+------+------+------------------------+


+------------------------------------------------------------+
; Registers Removed During Synthesis                         ;
+---------------------------------------+--------------------+
; Register name                         ; Reason for Removal ;
+---------------------------------------+--------------------+
; Play:P1|Winner:G1|ps~5                ; Lost fanout        ;
; Play:P1|Winner:G1|ps~6                ; Lost fanout        ;
; Play:P1|Winner:G1|ps~7                ; Lost fanout        ;
; Play:P1|Winner:G1|ps~8                ; Lost fanout        ;
; Total Number of Removed Registers = 4 ;                    ;
+---------------------------------------+--------------------+


+------------------------------------------------------+
; General Register Statistics                          ;
+----------------------------------------------+-------+
; Statistic                                    ; Value ;
+----------------------------------------------+-------+
; Total registers                              ; 18    ;
; Number of registers using Synchronous Clear  ; 10    ;
; Number of registers using Synchronous Load   ; 1     ;
; Number of registers using Asynchronous Clear ; 0     ;
; Number of registers using Asynchronous Load  ; 0     ;
; Number of registers using Clock Enable       ; 2     ;
; Number of registers using Preset             ; 0     ;
+----------------------------------------------+-------+


+---------------------------------------------------------+
; Parameter Settings for User Entity Instance: D_FF:flopL ;
+----------------+-------+--------------------------------+
; Parameter Name ; Value ; Type                           ;
+----------------+-------+--------------------------------+
; on             ; 1     ; Unsigned Binary                ;
; off            ; 0     ; Unsigned Binary                ;
+----------------+-------+--------------------------------+
Note: In order to hide this table in the UI and the text report file, please set the "Show Parameter Settings in Synthesis Report" option in "Analysis and Synthesis Settings -> More Settings" to "Off".


+---------------------------------------------------------+
; Parameter Settings for User Entity Instance: D_FF:flopR ;
+----------------+-------+--------------------------------+
; Parameter Name ; Value ; Type                           ;
+----------------+-------+--------------------------------+
; on             ; 1     ; Unsigned Binary                ;
; off            ; 0     ; Unsigned Binary                ;
+----------------+-------+--------------------------------+
Note: In order to hide this table in the UI and the text report file, please set the "Show Parameter Settings in Synthesis Report" option in "Analysis and Synthesis Settings -> More Settings" to "Off".


+------------------------------------------------------+
; Parameter Settings for User Entity Instance: Play:P1 ;
+----------------+-------+-----------------------------+
; Parameter Name ; Value ; Type                        ;
+----------------+-------+-----------------------------+
; C              ; 1     ; Unsigned Binary             ;
+----------------+-------+-----------------------------+
Note: In order to hide this table in the UI and the text report file, please set the "Show Parameter Settings in Synthesis Report" option in "Analysis and Synthesis Settings -> More Settings" to "Off".


+--------------------------------------------------------------------+
; Parameter Settings for User Entity Instance: Play:P1|Lights:light8 ;
+----------------+-------+-------------------------------------------+
; Parameter Name ; Value ; Type                                      ;
+----------------+-------+-------------------------------------------+
; on             ; 1     ; Unsigned Binary                           ;
; off            ; 0     ; Unsigned Binary                           ;
+----------------+-------+-------------------------------------------+
Note: In order to hide this table in the UI and the text report file, please set the "Show Parameter Settings in Synthesis Report" option in "Analysis and Synthesis Settings -> More Settings" to "Off".


+--------------------------------------------------------------------+
; Parameter Settings for User Entity Instance: Play:P1|Lights:light7 ;
+----------------+-------+-------------------------------------------+
; Parameter Name ; Value ; Type                                      ;
+----------------+-------+-------------------------------------------+
; on             ; 1     ; Unsigned Binary                           ;
; off            ; 0     ; Unsigned Binary                           ;
+----------------+-------+-------------------------------------------+
Note: In order to hide this table in the UI and the text report file, please set the "Show Parameter Settings in Synthesis Report" option in "Analysis and Synthesis Settings -> More Settings" to "Off".


+--------------------------------------------------------------------+
; Parameter Settings for User Entity Instance: Play:P1|Lights:light6 ;
+----------------+-------+-------------------------------------------+
; Parameter Name ; Value ; Type                                      ;
+----------------+-------+-------------------------------------------+
; on             ; 1     ; Unsigned Binary                           ;
; off            ; 0     ; Unsigned Binary                           ;
+----------------+-------+-------------------------------------------+
Note: In order to hide this table in the UI and the text report file, please set the "Show Parameter Settings in Synthesis Report" option in "Analysis and Synthesis Settings -> More Settings" to "Off".


+--------------------------------------------------------------------+
; Parameter Settings for User Entity Instance: Play:P1|Lights:light5 ;
+----------------+-------+-------------------------------------------+
; Parameter Name ; Value ; Type                                      ;
+----------------+-------+-------------------------------------------+
; on             ; 1     ; Unsigned Binary                           ;
; off            ; 0     ; Unsigned Binary                           ;
+----------------+-------+-------------------------------------------+
Note: In order to hide this table in the UI and the text report file, please set the "Show Parameter Settings in Synthesis Report" option in "Analysis and Synthesis Settings -> More Settings" to "Off".


+--------------------------------------------------------------------+
; Parameter Settings for User Entity Instance: Play:P1|Lights:center ;
+----------------+-------+-------------------------------------------+
; Parameter Name ; Value ; Type                                      ;
+----------------+-------+-------------------------------------------+
; on             ; 1     ; Unsigned Binary                           ;
; off            ; 0     ; Unsigned Binary                           ;
+----------------+-------+-------------------------------------------+
Note: In order to hide this table in the UI and the text report file, please set the "Show Parameter Settings in Synthesis Report" option in "Analysis and Synthesis Settings -> More Settings" to "Off".


+--------------------------------------------------------------------+
; Parameter Settings for User Entity Instance: Play:P1|Lights:light3 ;
+----------------+-------+-------------------------------------------+
; Parameter Name ; Value ; Type                                      ;
+----------------+-------+-------------------------------------------+
; on             ; 1     ; Unsigned Binary                           ;
; off            ; 0     ; Unsigned Binary                           ;
+----------------+-------+-------------------------------------------+
Note: In order to hide this table in the UI and the text report file, please set the "Show Parameter Settings in Synthesis Report" option in "Analysis and Synthesis Settings -> More Settings" to "Off".


+--------------------------------------------------------------------+
; Parameter Settings for User Entity Instance: Play:P1|Lights:light2 ;
+----------------+-------+-------------------------------------------+
; Parameter Name ; Value ; Type                                      ;
+----------------+-------+-------------------------------------------+
; on             ; 1     ; Unsigned Binary                           ;
; off            ; 0     ; Unsigned Binary                           ;
+----------------+-------+-------------------------------------------+
Note: In order to hide this table in the UI and the text report file, please set the "Show Parameter Settings in Synthesis Report" option in "Analysis and Synthesis Settings -> More Settings" to "Off".


+--------------------------------------------------------------------+
; Parameter Settings for User Entity Instance: Play:P1|Lights:light1 ;
+----------------+-------+-------------------------------------------+
; Parameter Name ; Value ; Type                                      ;
+----------------+-------+-------------------------------------------+
; on             ; 1     ; Unsigned Binary                           ;
; off            ; 0     ; Unsigned Binary                           ;
+----------------+-------+-------------------------------------------+
Note: In order to hide this table in the UI and the text report file, please set the "Show Parameter Settings in Synthesis Report" option in "Analysis and Synthesis Settings -> More Settings" to "Off".


+--------------------------------------------------------------------+
; Parameter Settings for User Entity Instance: Play:P1|Lights:light0 ;
+----------------+-------+-------------------------------------------+
; Parameter Name ; Value ; Type                                      ;
+----------------+-------+-------------------------------------------+
; on             ; 1     ; Unsigned Binary                           ;
; off            ; 0     ; Unsigned Binary                           ;
+----------------+-------+-------------------------------------------+
Note: In order to hide this table in the UI and the text report file, please set the "Show Parameter Settings in Synthesis Report" option in "Analysis and Synthesis Settings -> More Settings" to "Off".


+----------------------------------------------------------------+
; Parameter Settings for User Entity Instance: Play:P1|Winner:G1 ;
+----------------+---------+-------------------------------------+
; Parameter Name ; Value   ; Type                                ;
+----------------+---------+-------------------------------------+
; off            ; 1111111 ; Unsigned Binary                     ;
; one            ; 1111001 ; Unsigned Binary                     ;
; two            ; 0100100 ; Unsigned Binary                     ;
+----------------+---------+-------------------------------------+
Note: In order to hide this table in the UI and the text report file, please set the "Show Parameter Settings in Synthesis Report" option in "Analysis and Synthesis Settings -> More Settings" to "Off".


+---------------------------------------------------+
; Port Connectivity Checks: "Play:P1|Lights:light0" ;
+------+-------+----------+-------------------------+
; Port ; Type  ; Severity ; Details                 ;
+------+-------+----------+-------------------------+
; C    ; Input ; Info     ; Stuck at GND            ;
; RL   ; Input ; Info     ; Stuck at GND            ;
+------+-------+----------+-------------------------+


+---------------------------------------------------+
; Port Connectivity Checks: "Play:P1|Lights:light1" ;
+------+-------+----------+-------------------------+
; Port ; Type  ; Severity ; Details                 ;
+------+-------+----------+-------------------------+
; C    ; Input ; Info     ; Stuck at GND            ;
+------+-------+----------+-------------------------+


+---------------------------------------------------+
; Port Connectivity Checks: "Play:P1|Lights:light2" ;
+------+-------+----------+-------------------------+
; Port ; Type  ; Severity ; Details                 ;
+------+-------+----------+-------------------------+
; C    ; Input ; Info     ; Stuck at GND            ;
+------+-------+----------+-------------------------+


+---------------------------------------------------+
; Port Connectivity Checks: "Play:P1|Lights:light3" ;
+------+-------+----------+-------------------------+
; Port ; Type  ; Severity ; Details                 ;
+------+-------+----------+-------------------------+
; C    ; Input ; Info     ; Stuck at GND            ;
+------+-------+----------+-------------------------+


+---------------------------------------------------+
; Port Connectivity Checks: "Play:P1|Lights:center" ;
+------+-------+----------+-------------------------+
; Port ; Type  ; Severity ; Details                 ;
+------+-------+----------+-------------------------+
; C    ; Input ; Info     ; Stuck at VCC            ;
+------+-------+----------+-------------------------+


+---------------------------------------------------+
; Port Connectivity Checks: "Play:P1|Lights:light5" ;
+------+-------+----------+-------------------------+
; Port ; Type  ; Severity ; Details                 ;
+------+-------+----------+-------------------------+
; C    ; Input ; Info     ; Stuck at GND            ;
+------+-------+----------+-------------------------+


+---------------------------------------------------+
; Port Connectivity Checks: "Play:P1|Lights:light6" ;
+------+-------+----------+-------------------------+
; Port ; Type  ; Severity ; Details                 ;
+------+-------+----------+-------------------------+
; C    ; Input ; Info     ; Stuck at GND            ;
+------+-------+----------+-------------------------+


+---------------------------------------------------+
; Port Connectivity Checks: "Play:P1|Lights:light7" ;
+------+-------+----------+-------------------------+
; Port ; Type  ; Severity ; Details                 ;
+------+-------+----------+-------------------------+
; C    ; Input ; Info     ; Stuck at GND            ;
+------+-------+----------+-------------------------+


+---------------------------------------------------+
; Port Connectivity Checks: "Play:P1|Lights:light8" ;
+------+-------+----------+-------------------------+
; Port ; Type  ; Severity ; Details                 ;
+------+-------+----------+-------------------------+
; C    ; Input ; Info     ; Stuck at GND            ;
; LL   ; Input ; Info     ; Stuck at GND            ;
+------+-------+----------+-------------------------+


+-----------------------------------------------------+
; Post-Synthesis Netlist Statistics for Top Partition ;
+-----------------------+-----------------------------+
; Type                  ; Count                       ;
+-----------------------+-----------------------------+
; arriav_ff             ; 18                          ;
;     ENA               ; 2                           ;
;     SCLR              ; 10                          ;
;     SLD               ; 1                           ;
;     plain             ; 5                           ;
; arriav_lcell_comb     ; 23                          ;
;     normal            ; 23                          ;
;         0 data inputs ; 2                           ;
;         1 data inputs ; 3                           ;
;         2 data inputs ; 4                           ;
;         3 data inputs ; 2                           ;
;         4 data inputs ; 2                           ;
;         5 data inputs ; 9                           ;
;         6 data inputs ; 1                           ;
; boundary_port         ; 67                          ;
;                       ;                             ;
; Max LUT depth         ; 1.00                        ;
; Average LUT depth     ; 0.93                        ;
+-----------------------+-----------------------------+


+-------------------------------+
; Elapsed Time Per Partition    ;
+----------------+--------------+
; Partition Name ; Elapsed Time ;
+----------------+--------------+
; Top            ; 00:00:00     ;
+----------------+--------------+


+-------------------------------+
; Analysis & Synthesis Messages ;
+-------------------------------+
Info: *******************************************************************
Info: Running Quartus Prime Analysis & Synthesis
    Info: Version 18.1.0 Build 625 09/12/2018 SJ Lite Edition
    Info: Processing started: Wed May 08 23:59:53 2019
Info: Command: quartus_map --read_settings_files=on --write_settings_files=off DE1_SoC -c DE1_SoC
Info (20032): Parallel compilation is enabled and will use up to 2 processors
Info (12021): Found 1 design units, including 1 entities, in source file de1_soc_golden_top.v
    Info (12023): Found entity 1: DE1_SOC_golden_top File: C:/Users/xinyu/OneDrive/Documents/EE 271/Lab/lab 4/lab4/DE1_SOC_golden_top.v Line: 54
Info (12021): Found 2 design units, including 2 entities, in source file lights.sv
    Info (12023): Found entity 1: Lights File: C:/Users/xinyu/OneDrive/Documents/EE 271/Lab/lab 4/lab4/Lights.sv Line: 12
    Info (12023): Found entity 2: Lights_testbench File: C:/Users/xinyu/OneDrive/Documents/EE 271/Lab/lab 4/lab4/Lights.sv Line: 51
Info (12021): Found 2 design units, including 2 entities, in source file winner.sv
    Info (12023): Found entity 1: Winner File: C:/Users/xinyu/OneDrive/Documents/EE 271/Lab/lab 4/lab4/Winner.sv Line: 12
    Info (12023): Found entity 2: Winner_testbench File: C:/Users/xinyu/OneDrive/Documents/EE 271/Lab/lab 4/lab4/Winner.sv Line: 53
Info (12021): Found 2 design units, including 2 entities, in source file play.sv
    Info (12023): Found entity 1: Play File: C:/Users/xinyu/OneDrive/Documents/EE 271/Lab/lab 4/lab4/Play.sv Line: 12
    Info (12023): Found entity 2: Play_testbench File: C:/Users/xinyu/OneDrive/Documents/EE 271/Lab/lab 4/lab4/Play.sv Line: 39
Info (12021): Found 2 design units, including 2 entities, in source file d_ff.sv
    Info (12023): Found entity 1: D_FF File: C:/Users/xinyu/OneDrive/Documents/EE 271/Lab/lab 4/lab4/D_FF.sv Line: 13
    Info (12023): Found entity 2: D_FF_testbench File: C:/Users/xinyu/OneDrive/Documents/EE 271/Lab/lab 4/lab4/D_FF.sv Line: 62
Info (12021): Found 2 design units, including 2 entities, in source file de1_soc.sv
    Info (12023): Found entity 1: DE1_SoC File: C:/Users/xinyu/OneDrive/Documents/EE 271/Lab/lab 4/lab4/DE1_SoC.sv Line: 14
    Info (12023): Found entity 2: DE1_SoC_testbench File: C:/Users/xinyu/OneDrive/Documents/EE 271/Lab/lab 4/lab4/DE1_SoC.sv Line: 40
Info (12127): Elaborating entity "DE1_SoC" for the top level hierarchy
Warning (10034): Output port "LEDR[9]" at DE1_SoC.sv(17) has no driver File: C:/Users/xinyu/OneDrive/Documents/EE 271/Lab/lab 4/lab4/DE1_SoC.sv Line: 17
Info (12128): Elaborating entity "D_FF" for hierarchy "D_FF:flopL" File: C:/Users/xinyu/OneDrive/Documents/EE 271/Lab/lab 4/lab4/DE1_SoC.sv Line: 24
Info (12128): Elaborating entity "Play" for hierarchy "Play:P1" File: C:/Users/xinyu/OneDrive/Documents/EE 271/Lab/lab 4/lab4/DE1_SoC.sv Line: 28
Info (12128): Elaborating entity "Lights" for hierarchy "Play:P1|Lights:light8" File: C:/Users/xinyu/OneDrive/Documents/EE 271/Lab/lab 4/lab4/Play.sv Line: 20
Info (12128): Elaborating entity "Winner" for hierarchy "Play:P1|Winner:G1" File: C:/Users/xinyu/OneDrive/Documents/EE 271/Lab/lab 4/lab4/Play.sv Line: 32
Warning (284006): Flipped 7 bits in user-encoded state machine |DE1_SoC|Play:P1|Winner:G1|ps
Warning (13024): Output pins are stuck at VCC or GND
    Warning (13410): Pin "HEX0[5]" is stuck at VCC File: C:/Users/xinyu/OneDrive/Documents/EE 271/Lab/lab 4/lab4/DE1_SoC.sv Line: 16
    Warning (13410): Pin "HEX1[0]" is stuck at VCC File: C:/Users/xinyu/OneDrive/Documents/EE 271/Lab/lab 4/lab4/DE1_SoC.sv Line: 16
    Warning (13410): Pin "HEX1[1]" is stuck at VCC File: C:/Users/xinyu/OneDrive/Documents/EE 271/Lab/lab 4/lab4/DE1_SoC.sv Line: 16
    Warning (13410): Pin "HEX1[2]" is stuck at VCC File: C:/Users/xinyu/OneDrive/Documents/EE 271/Lab/lab 4/lab4/DE1_SoC.sv Line: 16
    Warning (13410): Pin "HEX1[3]" is stuck at VCC File: C:/Users/xinyu/OneDrive/Documents/EE 271/Lab/lab 4/lab4/DE1_SoC.sv Line: 16
    Warning (13410): Pin "HEX1[4]" is stuck at VCC File: C:/Users/xinyu/OneDrive/Documents/EE 271/Lab/lab 4/lab4/DE1_SoC.sv Line: 16
    Warning (13410): Pin "HEX1[5]" is stuck at VCC File: C:/Users/xinyu/OneDrive/Documents/EE 271/Lab/lab 4/lab4/DE1_SoC.sv Line: 16
    Warning (13410): Pin "HEX1[6]" is stuck at VCC File: C:/Users/xinyu/OneDrive/Documents/EE 271/Lab/lab 4/lab4/DE1_SoC.sv Line: 16
    Warning (13410): Pin "HEX2[0]" is stuck at VCC File: C:/Users/xinyu/OneDrive/Documents/EE 271/Lab/lab 4/lab4/DE1_SoC.sv Line: 16
    Warning (13410): Pin "HEX2[1]" is stuck at VCC File: C:/Users/xinyu/OneDrive/Documents/EE 271/Lab/lab 4/lab4/DE1_SoC.sv Line: 16
    Warning (13410): Pin "HEX2[2]" is stuck at VCC File: C:/Users/xinyu/OneDrive/Documents/EE 271/Lab/lab 4/lab4/DE1_SoC.sv Line: 16
    Warning (13410): Pin "HEX2[3]" is stuck at VCC File: C:/Users/xinyu/OneDrive/Documents/EE 271/Lab/lab 4/lab4/DE1_SoC.sv Line: 16
    Warning (13410): Pin "HEX2[4]" is stuck at VCC File: C:/Users/xinyu/OneDrive/Documents/EE 271/Lab/lab 4/lab4/DE1_SoC.sv Line: 16
    Warning (13410): Pin "HEX2[5]" is stuck at VCC File: C:/Users/xinyu/OneDrive/Documents/EE 271/Lab/lab 4/lab4/DE1_SoC.sv Line: 16
    Warning (13410): Pin "HEX2[6]" is stuck at VCC File: C:/Users/xinyu/OneDrive/Documents/EE 271/Lab/lab 4/lab4/DE1_SoC.sv Line: 16
    Warning (13410): Pin "HEX3[0]" is stuck at VCC File: C:/Users/xinyu/OneDrive/Documents/EE 271/Lab/lab 4/lab4/DE1_SoC.sv Line: 16
    Warning (13410): Pin "HEX3[1]" is stuck at VCC File: C:/Users/xinyu/OneDrive/Documents/EE 271/Lab/lab 4/lab4/DE1_SoC.sv Line: 16
    Warning (13410): Pin "HEX3[2]" is stuck at VCC File: C:/Users/xinyu/OneDrive/Documents/EE 271/Lab/lab 4/lab4/DE1_SoC.sv Line: 16
    Warning (13410): Pin "HEX3[3]" is stuck at VCC File: C:/Users/xinyu/OneDrive/Documents/EE 271/Lab/lab 4/lab4/DE1_SoC.sv Line: 16
    Warning (13410): Pin "HEX3[4]" is stuck at VCC File: C:/Users/xinyu/OneDrive/Documents/EE 271/Lab/lab 4/lab4/DE1_SoC.sv Line: 16
    Warning (13410): Pin "HEX3[5]" is stuck at VCC File: C:/Users/xinyu/OneDrive/Documents/EE 271/Lab/lab 4/lab4/DE1_SoC.sv Line: 16
    Warning (13410): Pin "HEX3[6]" is stuck at VCC File: C:/Users/xinyu/OneDrive/Documents/EE 271/Lab/lab 4/lab4/DE1_SoC.sv Line: 16
    Warning (13410): Pin "HEX4[0]" is stuck at VCC File: C:/Users/xinyu/OneDrive/Documents/EE 271/Lab/lab 4/lab4/DE1_SoC.sv Line: 16
    Warning (13410): Pin "HEX4[1]" is stuck at VCC File: C:/Users/xinyu/OneDrive/Documents/EE 271/Lab/lab 4/lab4/DE1_SoC.sv Line: 16
    Warning (13410): Pin "HEX4[2]" is stuck at VCC File: C:/Users/xinyu/OneDrive/Documents/EE 271/Lab/lab 4/lab4/DE1_SoC.sv Line: 16
    Warning (13410): Pin "HEX4[3]" is stuck at VCC File: C:/Users/xinyu/OneDrive/Documents/EE 271/Lab/lab 4/lab4/DE1_SoC.sv Line: 16
    Warning (13410): Pin "HEX4[4]" is stuck at VCC File: C:/Users/xinyu/OneDrive/Documents/EE 271/Lab/lab 4/lab4/DE1_SoC.sv Line: 16
    Warning (13410): Pin "HEX4[5]" is stuck at VCC File: C:/Users/xinyu/OneDrive/Documents/EE 271/Lab/lab 4/lab4/DE1_SoC.sv Line: 16
    Warning (13410): Pin "HEX4[6]" is stuck at VCC File: C:/Users/xinyu/OneDrive/Documents/EE 271/Lab/lab 4/lab4/DE1_SoC.sv Line: 16
    Warning (13410): Pin "HEX5[0]" is stuck at VCC File: C:/Users/xinyu/OneDrive/Documents/EE 271/Lab/lab 4/lab4/DE1_SoC.sv Line: 16
    Warning (13410): Pin "HEX5[1]" is stuck at VCC File: C:/Users/xinyu/OneDrive/Documents/EE 271/Lab/lab 4/lab4/DE1_SoC.sv Line: 16
    Warning (13410): Pin "HEX5[2]" is stuck at VCC File: C:/Users/xinyu/OneDrive/Documents/EE 271/Lab/lab 4/lab4/DE1_SoC.sv Line: 16
    Warning (13410): Pin "HEX5[3]" is stuck at VCC File: C:/Users/xinyu/OneDrive/Documents/EE 271/Lab/lab 4/lab4/DE1_SoC.sv Line: 16
    Warning (13410): Pin "HEX5[4]" is stuck at VCC File: C:/Users/xinyu/OneDrive/Documents/EE 271/Lab/lab 4/lab4/DE1_SoC.sv Line: 16
    Warning (13410): Pin "HEX5[5]" is stuck at VCC File: C:/Users/xinyu/OneDrive/Documents/EE 271/Lab/lab 4/lab4/DE1_SoC.sv Line: 16
    Warning (13410): Pin "HEX5[6]" is stuck at VCC File: C:/Users/xinyu/OneDrive/Documents/EE 271/Lab/lab 4/lab4/DE1_SoC.sv Line: 16
    Warning (13410): Pin "LEDR[9]" is stuck at GND File: C:/Users/xinyu/OneDrive/Documents/EE 271/Lab/lab 4/lab4/DE1_SoC.sv Line: 17
Info (286030): Timing-Driven Synthesis is running
Info (17049): 4 registers lost all their fanouts during netlist optimizations.
Info (144001): Generated suppressed messages file C:/Users/xinyu/OneDrive/Documents/EE 271/Lab/lab 4/lab4/output_files/DE1_SoC.map.smsg
Info (16010): Generating hard_block partition "hard_block:auto_generated_inst"
    Info (16011): Adding 0 node(s), including 0 DDIO, 0 PLL, 0 transceiver and 0 LCELL
Warning (21074): Design contains 11 input pin(s) that do not drive logic
    Warning (15610): No output dependent on input pin "KEY[1]" File: C:/Users/xinyu/OneDrive/Documents/EE 271/Lab/lab 4/lab4/DE1_SoC.sv Line: 18
    Warning (15610): No output dependent on input pin "KEY[2]" File: C:/Users/xinyu/OneDrive/Documents/EE 271/Lab/lab 4/lab4/DE1_SoC.sv Line: 18
    Warning (15610): No output dependent on input pin "SW[0]" File: C:/Users/xinyu/OneDrive/Documents/EE 271/Lab/lab 4/lab4/DE1_SoC.sv Line: 19
    Warning (15610): No output dependent on input pin "SW[1]" File: C:/Users/xinyu/OneDrive/Documents/EE 271/Lab/lab 4/lab4/DE1_SoC.sv Line: 19
    Warning (15610): No output dependent on input pin "SW[2]" File: C:/Users/xinyu/OneDrive/Documents/EE 271/Lab/lab 4/lab4/DE1_SoC.sv Line: 19
    Warning (15610): No output dependent on input pin "SW[3]" File: C:/Users/xinyu/OneDrive/Documents/EE 271/Lab/lab 4/lab4/DE1_SoC.sv Line: 19
    Warning (15610): No output dependent on input pin "SW[4]" File: C:/Users/xinyu/OneDrive/Documents/EE 271/Lab/lab 4/lab4/DE1_SoC.sv Line: 19
    Warning (15610): No output dependent on input pin "SW[5]" File: C:/Users/xinyu/OneDrive/Documents/EE 271/Lab/lab 4/lab4/DE1_SoC.sv Line: 19
    Warning (15610): No output dependent on input pin "SW[6]" File: C:/Users/xinyu/OneDrive/Documents/EE 271/Lab/lab 4/lab4/DE1_SoC.sv Line: 19
    Warning (15610): No output dependent on input pin "SW[7]" File: C:/Users/xinyu/OneDrive/Documents/EE 271/Lab/lab 4/lab4/DE1_SoC.sv Line: 19
    Warning (15610): No output dependent on input pin "SW[8]" File: C:/Users/xinyu/OneDrive/Documents/EE 271/Lab/lab 4/lab4/DE1_SoC.sv Line: 19
Info (21057): Implemented 85 device resources after synthesis - the final resource count might be different
    Info (21058): Implemented 15 input pins
    Info (21059): Implemented 52 output pins
    Info (21061): Implemented 18 logic cells
Info: Quartus Prime Analysis & Synthesis was successful. 0 errors, 52 warnings
    Info: Peak virtual memory: 4831 megabytes
    Info: Processing ended: Thu May 09 00:00:10 2019
    Info: Elapsed time: 00:00:17
    Info: Total CPU time (on all processors): 00:00:37


+------------------------------------------+
; Analysis & Synthesis Suppressed Messages ;
+------------------------------------------+
The suppressed messages can be found in C:/Users/xinyu/OneDrive/Documents/EE 271/Lab/lab 4/lab4/output_files/DE1_SoC.map.smsg.


